2017_10_30__17_03_58
94Coincidence Counter
79
86
91
80
95
69
74
83
83
80
93
95
65
73
87
82
80
88
93
78
85
88
84
75
83
95
88
91
76
81
85
86
89
85
75
74
86
81
87
90
63
79
92
80
84
89
70
78
87
77
80
92
87
79
74
97
65
80
71
81
72
83
80
91
71
85
80
88
78
90
86
91
74
101
96
79
90
89
87
82
94
83
86
93
83
98
85
82
83
78
79
76
74
86
101
88
90
84
83
89
94
92
90
79
90
110
77
107
99
89
87
87
76
80
102
92
83
92
90
85
73
84
87
73
82
90
90
87
99
