2016_07_13__16_40_58
Coincidence Counter
50
62
63
59
53
50
65
49
56
57
68
54
50
66
54
61
44
58
51
63
64
56
52
62
49
73
45
46
55
50
67
53
49
63
61
61
50
60
51
67
52
59
65
53
50
64
42
53
49
56
56
48
53
54
47
52
57
55
57
59
57
53
50
67
48
61
77
63
72
62
56
51
56
54
48
76
47
55
70
51
63
66
58
50
67
70
61
57
58
56
51
57
67
53
64
53
55
60
52
55
68
51
54
46
55
54
58
66
57
44
49
65
66
62
55
60
63
67
71
50
48
57
68
48
59
49
60
60
64
48
66
46
50
44
65
44
51
54
52
55
51
54
44
49
60
84
45
56
61
51
63
64
64
78
47
65
53
47
63
70
55
60
43
54
74
67
55
69
68
51
78
50
48
47
69
48
71
61
63
52
43
48
55
54
49
52
53
64
51
56
53
58
45
63
60
60
48
71
57
68
65
66
50
53
55
59
51
47
52
64
48
52
63
47
52
50
72
50
45
57
54
51
50
57
65
59
53
61
47
40
60
77
59
55
58
69
56
59
50
44
48
57
49
62
59
60
63
51
74
65
54
55
58
59
63
42
50
59
53
48
52
45
58
50
60
57
67
42
48
57
66
53
49
76
70
62
65
65
55
66
55
60
36
56
67
57
57
49
48
50
57
51
59
51
58
49
59
45
46
60
41
52
53
45
59
55
49
55
43
55
52
55
46
57
70
63
49
66
60
55
46
54
63
60
41
45
63
43
58
60
66
40
65
61
68
66
62
47
38
56
69
66
53
54
54
57
46
58
38
50
65
42
53
67
57
61
58
44
59
56
52
56
47
59
46
48
60
55
63
37
60
61
59
58
56
60
67
60
60
57
45
54
64
54
56
56
51
53
57
59
54
69
60
45
59
59
66
53
68
52
62
52
48
46
57
58
47
60
43
41
62
56
41
57
50
63
52
61
58
60
59
42
52
63
61
65
53
50
56
60
43
55
54
61
42
58
58
49
57
72
49
49
53
54
55
67
43
53
57
38
67
63
51
48
56
62
58
46
72
69
38
57
54
58
51
54
60
70
66
63
72
64
60
57
44
52
63
54
63
49
58
54
39
54
55
51
50
59
59
51
65
52
68
75
45
49
53
59
58
57
56
69
55
57
67
59
55
42
65
59
50
57
66
55
47
68
62
56
59
49
66
57
57
64
62
44
60
55
54
53
63
60
48
52
64
66
60
58
61
52
54
53
56
60
54
60
56
65
66
55
49
57
67
58
64
65
47
54
52
64
63
60
61
59
62
72
62
52
73
52
51
42
43
56
48
71
50
49
53
43
62
66
59
56
52
69
53
50
60
55
51
51
49
66
51
59
56
65
61
68
52
55
61
54
58
62
46
66
49
68
51
65
60
38
60
44
73
66
62
63
65
40
51
50
52
57
46
69
60
55
64
50
56
55
67
54
62
47
50
43
57
49
47
62
48
64
70
47
45
61
72
61
54
47
43
51
43
64
42
66
49
58
50
52
58
45
62
62
53
51
55
53
46
57
57
54
65
66
59
61
55
54
57
60
46
63
68
60
67
52
57
60
63
64
44
56
59
53
50
60
47
34
60
58
37
53
53
45
53
57
52
67
59
48
52
53
45
53
55
51
60
50
58
65
57
46
65
67
48
71
53
57
53
47
59
56
72
62
56
65
47
51
56
49
50
44
57
54
56
50
65
55
66
69
54
57
51
61
46
55
56
57
65
58
76
62
55
40
58
53
58
66
68
66
51
48
60
64
57
61
54
47
45
62
61
59
79
47
68
53
70
51
53
56
46
53
62
71
60
64
57
59
68
43
52
47
57
53
53
66
50
44
51
58
54
59
67
53
75
59
51
59
49
75
49
66
59
38
51
56
53
55
73
43
62
62
67
51
58
50
54
45
50
65
50
51
66
61
53
64
50
64
61
60
61
39
71
62
63
65
58
49
41
61
51
46
58
55
69
52
53
45
57
51
52
57
61
56
43
56
40
47
54
49
59
57
56
61
61
60
55
68
51
64
70
46
36
49
51
59
46
57
77
51
59
58
48
56
50
64
58
58
66
59
66
62
64
61
58
62
58
64
60
45
44
59
46
46
68
53
51
60
53
69
66
62
57
47
54
60
49
61
52
57
58
65
51
47
55
64
65
50
65
49
36
66
61
57
46
58
48
69
57
61
71
50
58
47
60
47
57
44
44
56
55
58
40
49
54
51
50
52
47
56
55
54
60
51
54
54
61
60
68
62
52
47
60
55
55
69
46
69
56
64
44
59
55
46
66
60
57
52
65
69
54
51
56
64
63
52
55
48
59
63
64
31
56
56
45
58
57
58
56
51
53
60
47
61
48
63
55
54
57
43
49
47
60
43
50
51
54
50
54
59
59
51
55
50
60
79
37
45
51
58
56
47
60
53
73
46
67
40
50
45
49
65
61
65
56
48
58
54
63
45
55
47
60
64
73
73
57
46
73
63
53
69
54
59
73
57
51
46
58
61
63
53
46
59
50
54
57
58
65
52
52
63
60
60
52
50
48
62
66
56
59
56
54
67
66
52
51
56
61
51
59
63
38
67
57
55
58
74
58
68
67
54
68
59
60
65
60
48
65
42
60
57
44
72
69
55
84
57
57
50
63
63
56
45
49
54
47
54
60
56
66
48
47
59
52
51
48
59
62
47
53
49
64
