2016_07_12__14_28_28
Coincidence Counter
68
64
55
61
60
68
74
68
74
70
54
68
77
60
62
70
56
74
70
66
74
66
64
58
77
78
65
73
64
79
70
79
72
79
69
81
78
71
74
72
68
52
79
61
71
75
68
78
69
93
77
62
66
71
75
51
70
63
50
66
84
88
77
57
56
77
67
68
75
75
68
69
61
66
88
62
72
61
64
67
65
65
65
63
62
93
57
75
77
69
72
64
61
73
70
55
66
66
64
71
56
48
66
69
50
62
82
80
69
70
59
67
61
66
57
56
67
68
79
98
71
74
67
67
67
59
69
64
70
61
74
63
65
86
67
69
71
62
79
60
65
58
68
81
69
79
67
74
67
59
76
66
68
82
78
68
65
73
77
76
64
67
67
73
60
60
75
79
81
66
63
76
72
65
80
71
63
77
73
73
52
70
54
64
82
74
55
58
60
76
55
76
78
63
72
63
72
55
54
49
63
75
73
71
62
81
70
61
73
72
56
65
75
77
82
79
77
69
83
65
57
64
66
69
69
77
85
65
74
60
50
69
60
68
70
56
77
65
79
84
53
70
78
58
65
72
67
58
74
72
77
65
59
55
71
70
61
63
73
76
66
55
72
78
66
63
76
78
70
73
71
67
76
72
70
71
53
56
66
72
59
70
63
76
78
77
44
62
72
70
64
64
75
69
67
77
65
58
64
58
60
76
76
62
69
71
73
80
62
66
60
63
72
66
65
59
54
69
85
73
60
59
56
87
66
81
79
65
72
57
72
74
84
81
52
81
54
62
47
60
69
82
84
71
69
68
62
67
67
62
72
74
61
73
72
54
84
60
70
74
70
65
65
67
74
78
71
73
71
61
65
54
60
62
55
73
56
63
66
67
60
60
66
64
68
67
83
65
69
76
59
65
88
81
52
66
65
63
64
57
58
71
57
75
69
65
70
86
72
66
64
71
72
71
71
76
60
47
69
71
74
56
78
64
63
74
54
60
77
61
76
68
63
68
50
71
64
75
64
70
67
81
70
74
61
65
63
59
62
79
57
57
64
64
69
68
69
71
61
61
62
59
52
65
71
80
58
72
69
61
62
70
70
64
71
72
82
61
70
78
66
55
65
46
66
67
63
68
75
67
67
76
62
70
58
67
80
70
67
70
79
69
57
76
65
75
64
68
65
80
79
74
74
72
71
66
80
65
60
65
82
67
64
57
76
78
67
63
65
61
70
66
68
62
74
53
68
61
79
73
71
61
71
75
62
66
70
69
79
69
69
77
73
65
57
69
76
82
70
66
73
76
71
66
60
62
70
54
62
63
75
57
75
80
70
92
73
55
77
71
74
68
63
65
70
67
62
74
78
59
83
69
75
62
75
75
59
75
51
80
62
69
66
56
84
78
64
68
90
71
57
65
67
86
63
59
69
55
72
62
53
68
54
59
64
67
61
63
63
79
61
65
76
73
69
74
58
67
72
69
75
84
65
73
71
63
65
65
62
57
66
78
63
63
63
70
80
72
57
77
68
87
64
85
85
54
75
65
76
60
57
64
76
76
67
63
66
62
66
66
63
67
76
63
74
65
71
70
72
74
63
88
69
74
75
70
57
66
65
47
78
74
80
69
86
76
86
61
61
76
51
70
70
67
67
77
87
64
64
66
55
50
65
57
71
76
67
79
58
75
70
63
66
61
76
78
74
67
75
68
65
58
82
61
73
65
60
53
62
80
59
87
78
72
67
70
80
63
57
61
62
78
57
70
60
54
86
56
77
57
59
71
73
72
78
54
60
63
70
74
53
64
66
70
67
67
71
67
70
70
73
68
62
71
68
65
66
71
63
81
69
48
69
75
75
63
65
77
68
68
71
67
75
76
79
69
76
69
66
74
68
89
79
71
58
73
64
87
73
80
75
68
69
65
64
64
60
68
85
48
77
77
75
80
90
70
61
77
64
68
79
76
74
70
64
67
60
61
80
85
79
67
68
65
71
64
61
74
93
58
59
81
76
63
64
68
66
64
71
62
62
64
72
61
49
69
70
57
64
74
56
71
50
57
59
79
75
64
62
58
71
62
64
59
70
78
54
60
62
74
71
66
64
64
69
80
65
61
69
53
63
58
78
74
65
62
69
84
88
70
53
83
73
69
77
84
58
67
57
78
72
65
66
74
69
73
72
70
80
56
65
78
60
68
59
74
61
65
68
74
70
62
73
60
74
69
64
65
87
61
74
73
69
59
60
67
78
63
46
64
62
78
72
68
63
57
62
72
52
68
66
66
85
64
63
78
67
48
67
79
54
77
53
65
63
84
72
79
70
72
79
69
63
73
79
68
68
61
57
69
73
65
72
74
74
59
77
81
64
79
59
63
53
74
61
63
67
81
75
77
78
72
66
70
57
75
74
70
83
73
61
64
75
63
62
74
74
81
58
55
67
68
78
62
74
73
68
73
73
88
61
64
73
69
67
73
68
63
78
61
80
69
68
76
68
64
45
60
62
56
55
79
80
70
76
68
55
63
73
64
75
73
81
55
64
76
84
64
75
65
66
64
73
74
80
66
67
73
66
86
71
82
68
69
59
66
63
75
56
69
66
59
75
79
72
63
65
65
58
84
63
66
86
61
58
56
75
72
80
48
60
59
70
45
68
79
62
72
62
61
69
70
71
70
65
72
68
70
74
74
67
80
69
68
67
70
68
72
53
71
54
43
78
72
68
51
71
68
74
68
66
54
59
67
60
79
69
64
55
69
75
64
80
79
63
61
80
68
82
64
64
68
60
68
75
67
78
75
66
53
80
50
68
55
72
72
63
69
68
83
68
91
82
61
59
68
75
67
46
66
67
56
74
86
70
67
60
61
90
79
71
80
60
61
65
62
57
49
61
66
71
63
76
57
68
77
65
60
70
80
75
69
76
70
85
71
63
83
67
51
64
62
65
76
66
57
63
56
80
56
78
74
65
78
61
66
66
77
70
73
66
58
59
64
63
72
63
67
68
71
69
67
74
75
73
73
65
60
74
58
54
64
71
60
70
80
58
68
77
79
67
53
69
66
64
62
46
57
56
67
64
74
79
67
74
65
72
73
67
77
77
61
70
55
67
52
73
65
75
61
62
63
59
62
62
73
68
66
73
71
77
65
69
61
82
86
68
58
68
65
62
56
74
71
67
59
65
78
65
59
79
63
66
53
73
77
59
65
70
70
61
76
75
68
63
74
90
56
91
74
76
59
78
69
65
76
68
65
63
52
65
73
56
72
68
74
58
76
79
67
73
80
72
71
65
81
70
87
66
67
61
75
63
66
77
74
59
77
80
73
71
70
75
72
62
69
54
73
74
66
70
64
67
63
72
74
64
66
67
68
72
73
84
62
68
60
67
65
70
81
71
61
63
72
54
65
74
66
86
